d:\graphicsengine_dx11\fbxparser\fbxparser\x64\debug\vc142.pdb
d:\graphicsengine_dx11\fbxparser\fbxparser\x64\debug\vc142.idb
d:\graphicsengine_dx11\fbxparser\fbxparser\x64\debug\fbxparser.obj
d:\graphicsengine_dx11\fbxparser\fbxparser\x64\debug\parserbase.obj
d:\graphicsengine_dx11\fbxparser\fbxparser\x64\debug\fbxparser.pch
d:\graphicsengine_dx11\fbxparser\fbxparser\x64\debug\pch.obj
d:\graphicsengine_dx11\fbxparser\fbxparser\x64\debug\dllmain.obj
d:\graphicsengine_dx11\fbxparser\fbxparser\x64\debug\binaryserializer.obj
c:\users\김동민\desktop\graphicsengine_dx11\library\lib\fbxparser.lib
c:\users\김동민\desktop\graphicsengine_dx11\library\lib\fbxparser.exp
d:\graphicsengine_dx11\library\lib\fbxparser.lib
d:\graphicsengine_dx11\library\lib\fbxparser.exp
d:\graphicsengine_dx11\library\lib\fbxparser.dll
d:\graphicsengine_dx11\fbxparser\fbxparser\x64\debug\fbxparser.ilk
d:\graphicsengine_dx11\library\lib\fbxparser.pdb
d:\graphicsengine_dx11\fbxparser\fbxparser\x64\debug\fbxparser.obj.enc
d:\graphicsengine_dx11\fbxparser\fbxparser\x64\debug\fbxparser.tlog\cl.command.1.tlog
d:\graphicsengine_dx11\fbxparser\fbxparser\x64\debug\fbxparser.tlog\cl.read.1.tlog
d:\graphicsengine_dx11\fbxparser\fbxparser\x64\debug\fbxparser.tlog\cl.write.1.tlog
d:\graphicsengine_dx11\fbxparser\fbxparser\x64\debug\fbxparser.tlog\fbxparser.write.1u.tlog
d:\graphicsengine_dx11\fbxparser\fbxparser\x64\debug\fbxparser.tlog\link.command.1.tlog
d:\graphicsengine_dx11\fbxparser\fbxparser\x64\debug\fbxparser.tlog\link.read.1.tlog
d:\graphicsengine_dx11\fbxparser\fbxparser\x64\debug\fbxparser.tlog\link.write.1.tlog
