  FBXParser.cpp
C:\Users\김동민\Desktop\GraphicsEngine_DX11\FBXParser\FBXParser\inc\ParserData\ParserData.h(121,1): warning C4099: 'FBXModel': 처음에는 'struct'을(를) 사용하여 형식 이름을 표시했는데 이제는 'class'을(를) 사용하여 표시합니다.
C:\Users\김동민\Desktop\GraphicsEngine_DX11\FBXParser\FBXParser\inc\ParserData\ParserData.h(120): message : 'FBXModel' 선언을 참조하십시오.
C:\Users\김동민\Desktop\GraphicsEngine_DX11\FBXParser\FBXParser\src\FBXParser\FBXParser.cpp(142,59): warning C4838: 'T'에서 'float'(으)로의 변환에는 축소 변환이 필요합니다.
          with
          [
              T=fbxsdk::FbxDouble
          ]
C:\Users\김동민\Desktop\GraphicsEngine_DX11\FBXParser\FBXParser\src\FBXParser\FBXParser.cpp(142,59): warning C4244: '초기화 중': 'T'에서 'float'(으)로 변환하면서 데이터가 손실될 수 있습니다.
          with
          [
              T=fbxsdk::FbxDouble
          ]
C:\Users\김동민\Desktop\GraphicsEngine_DX11\FBXParser\FBXParser\src\FBXParser\FBXParser.cpp(142,86): warning C4838: 'T'에서 'float'(으)로의 변환에는 축소 변환이 필요합니다.
          with
          [
              T=fbxsdk::FbxDouble
          ]
C:\Users\김동민\Desktop\GraphicsEngine_DX11\FBXParser\FBXParser\src\FBXParser\FBXParser.cpp(142,86): warning C4244: '초기화 중': 'T'에서 'float'(으)로 변환하면서 데이터가 손실될 수 있습니다.
          with
          [
              T=fbxsdk::FbxDouble
          ]
C:\Users\김동민\Desktop\GraphicsEngine_DX11\FBXParser\FBXParser\src\FBXParser\FBXParser.cpp(142,113): warning C4838: 'T'에서 'float'(으)로의 변환에는 축소 변환이 필요합니다.
          with
          [
              T=fbxsdk::FbxDouble
          ]
C:\Users\김동민\Desktop\GraphicsEngine_DX11\FBXParser\FBXParser\src\FBXParser\FBXParser.cpp(142,113): warning C4244: '초기화 중': 'T'에서 'float'(으)로 변환하면서 데이터가 손실될 수 있습니다.
          with
          [
              T=fbxsdk::FbxDouble
          ]
C:\Users\김동민\Desktop\GraphicsEngine_DX11\FBXParser\FBXParser\src\FBXParser\FBXParser.cpp(197,63): warning C4244: '=': 'double'에서 'float'(으)로 변환하면서 데이터가 손실될 수 있습니다.
C:\Users\김동민\Desktop\GraphicsEngine_DX11\FBXParser\FBXParser\src\FBXParser\FBXParser.cpp(263,60): warning C4267: '=': 'size_t'에서 'int'(으)로 변환하면서 데이터가 손실될 수 있습니다.
C:\Users\김동민\Desktop\GraphicsEngine_DX11\FBXParser\FBXParser\src\FBXParser\FBXParser.cpp(429,25): warning C4244: '=': 'double'에서 'float'(으)로 변환하면서 데이터가 손실될 수 있습니다.
C:\Users\김동민\Desktop\GraphicsEngine_DX11\FBXParser\FBXParser\src\FBXParser\FBXParser.cpp(435,51): warning C4244: '=': 'double'에서 'float'(으)로 변환하면서 데이터가 손실될 수 있습니다.
C:\Users\김동민\Desktop\GraphicsEngine_DX11\FBXParser\FBXParser\src\FBXParser\FBXParser.cpp(448,58): warning C4267: '초기화 중': 'size_t'에서 'int'(으)로 변환하면서 데이터가 손실될 수 있습니다.
C:\Users\김동민\Desktop\GraphicsEngine_DX11\FBXParser\FBXParser\src\FBXParser\FBXParser.cpp(448,58): warning C4267: '초기화 중': 'size_t'에서 'const int'(으)로 변환하면서 데이터가 손실될 수 있습니다.
C:\Users\김동민\Desktop\GraphicsEngine_DX11\FBXParser\FBXParser\src\FBXParser\FBXParser.cpp(491,48): warning C4244: '=': 'double'에서 'float'(으)로 변환하면서 데이터가 손실될 수 있습니다.
  ParserBase.cpp
C:\Users\김동민\Desktop\GraphicsEngine_DX11\FBXParser\FBXParser\inc\ParserData\ParserData.h(121,1): warning C4099: 'FBXModel': 처음에는 'struct'을(를) 사용하여 형식 이름을 표시했는데 이제는 'class'을(를) 사용하여 표시합니다.
C:\Users\김동민\Desktop\GraphicsEngine_DX11\FBXParser\FBXParser\inc\ParserData\ParserData.h(120): message : 'FBXModel' 선언을 참조하십시오.
  코드를 생성하고 있습니다...
  FBXParser.vcxproj -> C:\Users\김동민\Desktop\GraphicsEngine_DX11\Library\lib\FBXParser.dll
          1개 파일이 복사되었습니다.
