c:\users\김동민\desktop\graphicsengine_dx11\library\lib\aseparser.lib
c:\users\김동민\desktop\graphicsengine_dx11\library\lib\aseparser.exp
d:\graphicsengine_dx11\library\lib\aseparser.lib
d:\graphicsengine_dx11\library\lib\aseparser.exp
d:\graphicsengine_dx11\aseparser\aseparser\x64\debug\aseparser.pch
d:\graphicsengine_dx11\aseparser\aseparser\x64\debug\vc142.pdb
d:\graphicsengine_dx11\aseparser\aseparser\x64\debug\vc142.idb
d:\graphicsengine_dx11\aseparser\aseparser\x64\debug\pch.obj
d:\graphicsengine_dx11\aseparser\aseparser\x64\debug\lexer.obj
d:\graphicsengine_dx11\aseparser\aseparser\x64\debug\dllmain.obj
d:\graphicsengine_dx11\aseparser\aseparser\x64\debug\aseparser.obj
d:\graphicsengine_dx11\aseparser\aseparser\x64\debug\aseparser.ilk
d:\graphicsengine_dx11\library\lib\aseparser.dll
d:\graphicsengine_dx11\library\lib\aseparser.pdb
d:\graphicsengine_dx11\aseparser\aseparser\x64\debug\aseparser.tlog\aseparser.write.1u.tlog
d:\graphicsengine_dx11\aseparser\aseparser\x64\debug\aseparser.tlog\cl.command.1.tlog
d:\graphicsengine_dx11\aseparser\aseparser\x64\debug\aseparser.tlog\cl.read.1.tlog
d:\graphicsengine_dx11\aseparser\aseparser\x64\debug\aseparser.tlog\cl.write.1.tlog
d:\graphicsengine_dx11\aseparser\aseparser\x64\debug\aseparser.tlog\link.command.1.tlog
d:\graphicsengine_dx11\aseparser\aseparser\x64\debug\aseparser.tlog\link.read.1.tlog
d:\graphicsengine_dx11\aseparser\aseparser\x64\debug\aseparser.tlog\link.write.1.tlog
