  DebugPass.cpp
D:\GraphicsEngine_DX11\GraphicsEngine_DX11\WindowInfo.h(4,1): warning C4099: 'WindowInfo': 처음에는 'class'을(를) 사용하여 형식 이름을 표시했는데 이제는 'struct'을(를) 사용하여 표시합니다.
D:\GraphicsEngine_DX11\GraphicsEngine_DX11\WindowInfo.h(3): message : 'WindowInfo' 선언을 참조하십시오.
  DeferredPass.cpp
D:\GraphicsEngine_DX11\GraphicsEngine_DX11\WindowInfo.h(4,1): warning C4099: 'WindowInfo': 처음에는 'class'을(를) 사용하여 형식 이름을 표시했는데 이제는 'struct'을(를) 사용하여 표시합니다.
D:\GraphicsEngine_DX11\GraphicsEngine_DX11\WindowInfo.h(3): message : 'WindowInfo' 선언을 참조하십시오.
  FinalPass.cpp
D:\GraphicsEngine_DX11\GraphicsEngine_DX11\WindowInfo.h(4,1): warning C4099: 'WindowInfo': 처음에는 'class'을(를) 사용하여 형식 이름을 표시했는데 이제는 'struct'을(를) 사용하여 표시합니다.
D:\GraphicsEngine_DX11\GraphicsEngine_DX11\WindowInfo.h(3): message : 'WindowInfo' 선언을 참조하십시오.
  GraphicsEngine_DX11.cpp
D:\GraphicsEngine_DX11\GraphicsEngine_DX11\WindowInfo.h(4,1): warning C4099: 'WindowInfo': 처음에는 'class'을(를) 사용하여 형식 이름을 표시했는데 이제는 'struct'을(를) 사용하여 표시합니다.
D:\GraphicsEngine_DX11\GraphicsEngine_DX11\WindowInfo.h(3): message : 'WindowInfo' 선언을 참조하십시오.
D:\GraphicsEngine_DX11\GraphicsEngine_DX11\ResourceManager.h(70,1): warning C4267: '인수': 'size_t'에서 'unsigned int'(으)로 변환하면서 데이터가 손실될 수 있습니다.
D:\GraphicsEngine_DX11\GraphicsEngine_DX11\GraphicsEngine_DX11.cpp(238): message : 컴파일되는 함수 템플릿 인스턴스화 'size_t ResourceManager::CreateMesh<StaticMeshVertex>(std::vector<StaticMeshVertex,std::allocator<StaticMeshVertex>>,std::vector<std::seed_seq::result_type,std::allocator<std::seed_seq::result_type>>,int,int)'에 대한 참조를 확인하세요.
D:\GraphicsEngine_DX11\GraphicsEngine_DX11\Mesh.h(55,1): warning C4267: '=': 'size_t'에서 'UINT'(으)로 변환하면서 데이터가 손실될 수 있습니다.
D:\GraphicsEngine_DX11\GraphicsEngine_DX11\ResourceManager.h(68): message : 컴파일되는 함수 템플릿 인스턴스화 'void Mesh::CreateVertexBuffer<StaticMeshVertex>(const std::vector<StaticMeshVertex,std::allocator<StaticMeshVertex>> &)'에 대한 참조를 확인하세요.
D:\GraphicsEngine_DX11\GraphicsEngine_DX11\GraphicsEngine_DX11.cpp(238): message : 컴파일되는 함수 템플릿 인스턴스화 'size_t ResourceManager::CreateMesh<StaticMeshVertex>(std::vector<StaticMeshVertex,std::allocator<StaticMeshVertex>>,std::vector<std::seed_seq::result_type,std::allocator<std::seed_seq::result_type>>,int,int)'에 대한 참조를 확인하세요.
  Graphics_Interface.cpp
D:\GraphicsEngine_DX11\GraphicsEngine_DX11\WindowInfo.h(4,1): warning C4099: 'WindowInfo': 처음에는 'class'을(를) 사용하여 형식 이름을 표시했는데 이제는 'struct'을(를) 사용하여 표시합니다.
D:\GraphicsEngine_DX11\GraphicsEngine_DX11\WindowInfo.h(3): message : 'WindowInfo' 선언을 참조하십시오.
  LightPass.cpp
D:\GraphicsEngine_DX11\GraphicsEngine_DX11\WindowInfo.h(4,1): warning C4099: 'WindowInfo': 처음에는 'class'을(를) 사용하여 형식 이름을 표시했는데 이제는 'struct'을(를) 사용하여 표시합니다.
D:\GraphicsEngine_DX11\GraphicsEngine_DX11\WindowInfo.h(3): message : 'WindowInfo' 선언을 참조하십시오.
D:\GraphicsEngine_DX11\GraphicsEngine_DX11\LightPass.cpp(76,45): warning C4244: '인수': 'int'에서 'float'(으)로 변환하면서 데이터가 손실될 수 있습니다.
D:\GraphicsEngine_DX11\GraphicsEngine_DX11\LightPass.cpp(75,44): warning C4244: '인수': 'int'에서 'float'(으)로 변환하면서 데이터가 손실될 수 있습니다.
  Mesh.cpp
D:\GraphicsEngine_DX11\GraphicsEngine_DX11\WindowInfo.h(4,1): warning C4099: 'WindowInfo': 처음에는 'class'을(를) 사용하여 형식 이름을 표시했는데 이제는 'struct'을(를) 사용하여 표시합니다.
D:\GraphicsEngine_DX11\GraphicsEngine_DX11\WindowInfo.h(3): message : 'WindowInfo' 선언을 참조하십시오.
D:\GraphicsEngine_DX11\GraphicsEngine_DX11\Mesh.cpp(11,67): warning C4267: '=': 'size_t'에서 'UINT'(으)로 변환하면서 데이터가 손실될 수 있습니다.
D:\GraphicsEngine_DX11\GraphicsEngine_DX11\Mesh.cpp(21,35): warning C4267: '=': 'size_t'에서 'unsigned int'(으)로 변환하면서 데이터가 손실될 수 있습니다.
  PassBase.cpp
D:\GraphicsEngine_DX11\GraphicsEngine_DX11\WindowInfo.h(4,1): warning C4099: 'WindowInfo': 처음에는 'class'을(를) 사용하여 형식 이름을 표시했는데 이제는 'struct'을(를) 사용하여 표시합니다.
D:\GraphicsEngine_DX11\GraphicsEngine_DX11\WindowInfo.h(3): message : 'WindowInfo' 선언을 참조하십시오.
  PixelShader.cpp
D:\GraphicsEngine_DX11\GraphicsEngine_DX11\WindowInfo.h(4,1): warning C4099: 'WindowInfo': 처음에는 'class'을(를) 사용하여 형식 이름을 표시했는데 이제는 'struct'을(를) 사용하여 표시합니다.
D:\GraphicsEngine_DX11\GraphicsEngine_DX11\WindowInfo.h(3): message : 'WindowInfo' 선언을 참조하십시오.
D:\GraphicsEngine_DX11\GraphicsEngine_DX11\PixelShader.cpp(52,20): warning C4018: '<': signed 또는 unsigned가 일치하지 않습니다.
  RenderManager.cpp
  ResourceManager.cpp
  ShaderBase.cpp
D:\GraphicsEngine_DX11\GraphicsEngine_DX11\WindowInfo.h(4,1): warning C4099: 'WindowInfo': 처음에는 'class'을(를) 사용하여 형식 이름을 표시했는데 이제는 'struct'을(를) 사용하여 표시합니다.
D:\GraphicsEngine_DX11\GraphicsEngine_DX11\WindowInfo.h(3): message : 'WindowInfo' 선언을 참조하십시오.
  ShaderManager.cpp
D:\GraphicsEngine_DX11\GraphicsEngine_DX11\WindowInfo.h(4,1): warning C4099: 'WindowInfo': 처음에는 'class'을(를) 사용하여 형식 이름을 표시했는데 이제는 'struct'을(를) 사용하여 표시합니다.
D:\GraphicsEngine_DX11\GraphicsEngine_DX11\WindowInfo.h(3): message : 'WindowInfo' 선언을 참조하십시오.
  ShadowPass.cpp
D:\GraphicsEngine_DX11\GraphicsEngine_DX11\WindowInfo.h(4,1): warning C4099: 'WindowInfo': 처음에는 'class'을(를) 사용하여 형식 이름을 표시했는데 이제는 'struct'을(를) 사용하여 표시합니다.
D:\GraphicsEngine_DX11\GraphicsEngine_DX11\WindowInfo.h(3): message : 'WindowInfo' 선언을 참조하십시오.
  Texture.cpp
D:\GraphicsEngine_DX11\GraphicsEngine_DX11\WindowInfo.h(4,1): warning C4099: 'WindowInfo': 처음에는 'class'을(를) 사용하여 형식 이름을 표시했는데 이제는 'struct'을(를) 사용하여 표시합니다.
D:\GraphicsEngine_DX11\GraphicsEngine_DX11\WindowInfo.h(3): message : 'WindowInfo' 선언을 참조하십시오.
  VertexShader.cpp
D:\GraphicsEngine_DX11\GraphicsEngine_DX11\WindowInfo.h(4,1): warning C4099: 'WindowInfo': 처음에는 'class'을(를) 사용하여 형식 이름을 표시했는데 이제는 'struct'을(를) 사용하여 표시합니다.
D:\GraphicsEngine_DX11\GraphicsEngine_DX11\WindowInfo.h(3): message : 'WindowInfo' 선언을 참조하십시오.
D:\GraphicsEngine_DX11\GraphicsEngine_DX11\VertexShader.cpp(101,20): warning C4018: '<': signed 또는 unsigned가 일치하지 않습니다.
  코드를 생성하고 있습니다...
  GraphicsEngine_DX11.vcxproj -> D:\GraphicsEngine_DX11\Library\lib\GraphicsEngine_DX11.dll
          1개 파일이 복사되었습니다.
