c:\users\김동민\desktop\graphicsengine_dx11\graphicsengine_dx11\x64\debug\graphicsengine_dx11.pch
c:\users\김동민\desktop\graphicsengine_dx11\graphicsengine_dx11\x64\debug\vc142.pdb
c:\users\김동민\desktop\graphicsengine_dx11\graphicsengine_dx11\x64\debug\vc142.idb
c:\users\김동민\desktop\graphicsengine_dx11\graphicsengine_dx11\x64\debug\pch.obj
c:\users\김동민\desktop\graphicsengine_dx11\graphicsengine_dx11\x64\debug\rendermanager.obj
c:\users\김동민\desktop\graphicsengine_dx11\graphicsengine_dx11\x64\debug\rasterizerstate.obj
c:\users\김동민\desktop\graphicsengine_dx11\graphicsengine_dx11\x64\debug\pixelshader.obj
c:\users\김동민\desktop\graphicsengine_dx11\graphicsengine_dx11\x64\debug\passbase.obj
c:\users\김동민\desktop\graphicsengine_dx11\graphicsengine_dx11\x64\debug\mesh.obj
c:\users\김동민\desktop\graphicsengine_dx11\graphicsengine_dx11\x64\debug\lightpass.obj
c:\users\김동민\desktop\graphicsengine_dx11\graphicsengine_dx11\x64\debug\lightmanager.obj
c:\users\김동민\desktop\graphicsengine_dx11\graphicsengine_dx11\x64\debug\graphics_interface.obj
c:\users\김동민\desktop\graphicsengine_dx11\graphicsengine_dx11\x64\debug\graphicsengine_dx11.obj
c:\users\김동민\desktop\graphicsengine_dx11\graphicsengine_dx11\x64\debug\gaussianblurpass.obj
c:\users\김동민\desktop\graphicsengine_dx11\graphicsengine_dx11\x64\debug\finalpass.obj
c:\users\김동민\desktop\graphicsengine_dx11\graphicsengine_dx11\x64\debug\enginepch.obj
c:\users\김동민\desktop\graphicsengine_dx11\graphicsengine_dx11\x64\debug\dllmain.obj
c:\users\김동민\desktop\graphicsengine_dx11\graphicsengine_dx11\x64\debug\device.obj
c:\users\김동민\desktop\graphicsengine_dx11\graphicsengine_dx11\x64\debug\depthstencilview.obj
c:\users\김동민\desktop\graphicsengine_dx11\graphicsengine_dx11\x64\debug\depthstencilstate.obj
c:\users\김동민\desktop\graphicsengine_dx11\graphicsengine_dx11\x64\debug\deferredpass.obj
c:\users\김동민\desktop\graphicsengine_dx11\graphicsengine_dx11\x64\debug\debugpass.obj
c:\users\김동민\desktop\graphicsengine_dx11\graphicsengine_dx11\x64\debug\bloompass.obj
c:\users\김동민\desktop\graphicsengine_dx11\graphicsengine_dx11\x64\debug\blendstate.obj
c:\users\김동민\desktop\graphicsengine_dx11\graphicsengine_dx11\x64\debug\viewport.obj
c:\users\김동민\desktop\graphicsengine_dx11\graphicsengine_dx11\x64\debug\vertexshader.obj
c:\users\김동민\desktop\graphicsengine_dx11\graphicsengine_dx11\x64\debug\texture.obj
c:\users\김동민\desktop\graphicsengine_dx11\graphicsengine_dx11\x64\debug\swapchain.obj
c:\users\김동민\desktop\graphicsengine_dx11\graphicsengine_dx11\x64\debug\shadowpass.obj
c:\users\김동민\desktop\graphicsengine_dx11\graphicsengine_dx11\x64\debug\shaderresource.obj
c:\users\김동민\desktop\graphicsengine_dx11\graphicsengine_dx11\x64\debug\shadermanager.obj
c:\users\김동민\desktop\graphicsengine_dx11\graphicsengine_dx11\x64\debug\shaderbase.obj
c:\users\김동민\desktop\graphicsengine_dx11\graphicsengine_dx11\x64\debug\resourcemanager.obj
c:\users\김동민\desktop\graphicsengine_dx11\graphicsengine_dx11\x64\debug\rendertargetview.obj
c:\users\김동민\desktop\graphicsengine_dx11\library\lib\debug_ps.cso
c:\users\김동민\desktop\graphicsengine_dx11\library\lib\gaussianblur_ps.cso
c:\users\김동민\desktop\graphicsengine_dx11\library\lib\light_pbr_ps.cso
c:\users\김동민\desktop\graphicsengine_dx11\library\lib\light_ps.cso
c:\users\김동민\desktop\graphicsengine_dx11\library\lib\model_pbr_ps.cso
c:\users\김동민\desktop\graphicsengine_dx11\library\lib\model_pbr_vs.cso
c:\users\김동민\desktop\graphicsengine_dx11\library\lib\model_vs.cso
c:\users\김동민\desktop\graphicsengine_dx11\library\lib\quad_vs.cso
c:\users\김동민\desktop\graphicsengine_dx11\library\lib\shadow_vs.cso
c:\users\김동민\desktop\graphicsengine_dx11\library\lib\skybox_ps.cso
c:\users\김동민\desktop\graphicsengine_dx11\library\lib\skybox_vs.cso
c:\users\김동민\desktop\graphicsengine_dx11\library\lib\tonemapping_ps.cso
c:\users\김동민\desktop\graphicsengine_dx11\library\lib\sampling_ps.cso
d:\graphicsengine_dx11\library\lib\graphicsengine_dx11.lib
d:\graphicsengine_dx11\library\lib\graphicsengine_dx11.exp
c:\users\김동민\desktop\graphicsengine_dx11\library\lib\graphicsengine_dx11.lib
c:\users\김동민\desktop\graphicsengine_dx11\library\lib\graphicsengine_dx11.exp
c:\users\김동민\desktop\graphicsengine_dx11\library\lib\graphicsengine_dx11.dll
c:\users\김동민\desktop\graphicsengine_dx11\graphicsengine_dx11\x64\debug\graphicsengine_dx11.ilk
c:\users\김동민\desktop\graphicsengine_dx11\library\lib\graphicsengine_dx11.pdb
c:\users\김동민\desktop\graphicsengine_dx11\graphicsengine_dx11\x64\debug\graphics.4d0b0739.tlog\cl.command.1.tlog
c:\users\김동민\desktop\graphicsengine_dx11\graphicsengine_dx11\x64\debug\graphics.4d0b0739.tlog\cl.read.1.tlog
c:\users\김동민\desktop\graphicsengine_dx11\graphicsengine_dx11\x64\debug\graphics.4d0b0739.tlog\cl.write.1.tlog
c:\users\김동민\desktop\graphicsengine_dx11\graphicsengine_dx11\x64\debug\graphics.4d0b0739.tlog\fxc.command.1.tlog
c:\users\김동민\desktop\graphicsengine_dx11\graphicsengine_dx11\x64\debug\graphics.4d0b0739.tlog\fxc.read.1.tlog
c:\users\김동민\desktop\graphicsengine_dx11\graphicsengine_dx11\x64\debug\graphics.4d0b0739.tlog\fxc.write.1.tlog
c:\users\김동민\desktop\graphicsengine_dx11\graphicsengine_dx11\x64\debug\graphics.4d0b0739.tlog\graphicsengine_dx11.write.1u.tlog
c:\users\김동민\desktop\graphicsengine_dx11\graphicsengine_dx11\x64\debug\graphics.4d0b0739.tlog\link.command.1.tlog
c:\users\김동민\desktop\graphicsengine_dx11\graphicsengine_dx11\x64\debug\graphics.4d0b0739.tlog\link.read.1.tlog
c:\users\김동민\desktop\graphicsengine_dx11\graphicsengine_dx11\x64\debug\graphics.4d0b0739.tlog\link.write.1.tlog
