c:\users\김동민\desktop\graphicsengine_dx11\gameclient\gameclient\x64\debug\gameclient.pch
c:\users\김동민\desktop\graphicsengine_dx11\gameclient\gameclient\x64\debug\vc142.pdb
c:\users\김동민\desktop\graphicsengine_dx11\gameclient\gameclient\x64\debug\vc142.idb
c:\users\김동민\desktop\graphicsengine_dx11\gameclient\gameclient\x64\debug\pch.obj
c:\users\김동민\desktop\graphicsengine_dx11\gameclient\gameclient\x64\debug\testscene.obj
c:\users\김동민\desktop\graphicsengine_dx11\gameclient\gameclient\x64\debug\testfbxprefab.obj
c:\users\김동민\desktop\graphicsengine_dx11\gameclient\gameclient\x64\debug\testanimprefab.obj
c:\users\김동민\desktop\graphicsengine_dx11\gameclient\gameclient\x64\debug\player.obj
c:\users\김동민\desktop\graphicsengine_dx11\gameclient\gameclient\x64\debug\iprefab.obj
c:\users\김동민\desktop\graphicsengine_dx11\gameclient\gameclient\x64\debug\genjiprefab.obj
c:\users\김동민\desktop\graphicsengine_dx11\gameclient\gameclient\x64\debug\gameprocess.obj
c:\users\김동민\desktop\graphicsengine_dx11\gameclient\gameclient\x64\debug\gameclient.obj
c:\users\김동민\desktop\graphicsengine_dx11\gameclient\gameclient\x64\debug\datamanager.obj
c:\users\김동민\desktop\graphicsengine_dx11\gameclient\gameclient\x64\debug\camerascript.obj
c:\users\김동민\desktop\graphicsengine_dx11\output\gameclient.exe
c:\users\김동민\desktop\graphicsengine_dx11\gameclient\gameclient\x64\debug\gameclient.ilk
c:\users\김동민\desktop\graphicsengine_dx11\output\gameclient.pdb
c:\users\김동민\desktop\graphicsengine_dx11\gameclient\gameclient\x64\debug\gameclient.res
c:\users\김동민\desktop\graphicsengine_dx11\gameclient\gameclient\x64\debug\gameclient.tlog\cl.command.1.tlog
c:\users\김동민\desktop\graphicsengine_dx11\gameclient\gameclient\x64\debug\gameclient.tlog\cl.read.1.tlog
c:\users\김동민\desktop\graphicsengine_dx11\gameclient\gameclient\x64\debug\gameclient.tlog\cl.write.1.tlog
c:\users\김동민\desktop\graphicsengine_dx11\gameclient\gameclient\x64\debug\gameclient.tlog\link.command.1.tlog
c:\users\김동민\desktop\graphicsengine_dx11\gameclient\gameclient\x64\debug\gameclient.tlog\link.read.1.tlog
c:\users\김동민\desktop\graphicsengine_dx11\gameclient\gameclient\x64\debug\gameclient.tlog\link.write.1.tlog
c:\users\김동민\desktop\graphicsengine_dx11\gameclient\gameclient\x64\debug\gameclient.tlog\rc.command.1.tlog
c:\users\김동민\desktop\graphicsengine_dx11\gameclient\gameclient\x64\debug\gameclient.tlog\rc.read.1.tlog
c:\users\김동민\desktop\graphicsengine_dx11\gameclient\gameclient\x64\debug\gameclient.tlog\rc.write.1.tlog
