d:\graphicsengine_dx11\game_engine\game_engine\x64\debug\game_engine.pch
d:\graphicsengine_dx11\game_engine\game_engine\x64\debug\vc142.pdb
d:\graphicsengine_dx11\game_engine\game_engine\x64\debug\vc142.idb
d:\graphicsengine_dx11\game_engine\game_engine\x64\debug\pch.obj
d:\graphicsengine_dx11\game_engine\game_engine\x64\debug\ui.obj
d:\graphicsengine_dx11\game_engine\game_engine\x64\debug\transform.obj
d:\graphicsengine_dx11\game_engine\game_engine\x64\debug\timemanager.obj
d:\graphicsengine_dx11\game_engine\game_engine\x64\debug\text.obj
d:\graphicsengine_dx11\game_engine\game_engine\x64\debug\scenemanager.obj
d:\graphicsengine_dx11\game_engine\game_engine\x64\debug\scene.obj
d:\graphicsengine_dx11\game_engine\game_engine\x64\debug\resources.obj
d:\graphicsengine_dx11\game_engine\game_engine\x64\debug\monobehaviour.obj
d:\graphicsengine_dx11\game_engine\game_engine\x64\debug\meshrenderer.obj
d:\graphicsengine_dx11\game_engine\game_engine\x64\debug\light.obj
d:\graphicsengine_dx11\game_engine\game_engine\x64\debug\inputmanager.obj
d:\graphicsengine_dx11\game_engine\game_engine\x64\debug\graphicsmanager.obj
d:\graphicsengine_dx11\game_engine\game_engine\x64\debug\gameobject.obj
d:\graphicsengine_dx11\game_engine\game_engine\x64\debug\gameengine_interface.obj
d:\graphicsengine_dx11\game_engine\game_engine\x64\debug\gameengine.obj
d:\graphicsengine_dx11\game_engine\game_engine\x64\debug\dllmain.obj
d:\graphicsengine_dx11\game_engine\game_engine\x64\debug\component.obj
d:\graphicsengine_dx11\game_engine\game_engine\x64\debug\camera.obj
d:\graphicsengine_dx11\game_engine\game_engine\x64\debug\animator.obj
c:\users\김동민\desktop\graphicsengine_dx11\output\game_engine.lib
c:\users\김동민\desktop\graphicsengine_dx11\output\game_engine.exp
d:\graphicsengine_dx11\output\game_engine.lib
d:\graphicsengine_dx11\output\game_engine.exp
c:\users\김동민\desktop\graphicsengine_dx11\library\lib\game_engine.lib
c:\users\김동민\desktop\graphicsengine_dx11\library\lib\game_engine.exp
d:\graphicsengine_dx11\library\lib\game_engine.lib
d:\graphicsengine_dx11\library\lib\game_engine.exp
d:\graphicsengine_dx11\library\lib\game_engine.dll
d:\graphicsengine_dx11\game_engine\game_engine\x64\debug\game_engine.ilk
d:\graphicsengine_dx11\library\lib\game_engine.pdb
d:\graphicsengine_dx11\game_engine\game_engine\x64\debug\skinanimator.obj
d:\graphicsengine_dx11\game_engine\game_engine\x64\debug\game_engine.tlog\cl.command.1.tlog
d:\graphicsengine_dx11\game_engine\game_engine\x64\debug\game_engine.tlog\cl.read.1.tlog
d:\graphicsengine_dx11\game_engine\game_engine\x64\debug\game_engine.tlog\cl.write.1.tlog
d:\graphicsengine_dx11\game_engine\game_engine\x64\debug\game_engine.tlog\game_engine.write.1u.tlog
d:\graphicsengine_dx11\game_engine\game_engine\x64\debug\game_engine.tlog\link.12988.delete.1.tlog
d:\graphicsengine_dx11\game_engine\game_engine\x64\debug\game_engine.tlog\link.12992.delete.1.tlog
d:\graphicsengine_dx11\game_engine\game_engine\x64\debug\game_engine.tlog\link.1316.delete.1.tlog
d:\graphicsengine_dx11\game_engine\game_engine\x64\debug\game_engine.tlog\link.13964.delete.1.tlog
d:\graphicsengine_dx11\game_engine\game_engine\x64\debug\game_engine.tlog\link.14268.delete.1.tlog
d:\graphicsengine_dx11\game_engine\game_engine\x64\debug\game_engine.tlog\link.14388.delete.1.tlog
d:\graphicsengine_dx11\game_engine\game_engine\x64\debug\game_engine.tlog\link.14744.delete.1.tlog
d:\graphicsengine_dx11\game_engine\game_engine\x64\debug\game_engine.tlog\link.21968.delete.1.tlog
d:\graphicsengine_dx11\game_engine\game_engine\x64\debug\game_engine.tlog\link.22160.delete.1.tlog
d:\graphicsengine_dx11\game_engine\game_engine\x64\debug\game_engine.tlog\link.22384.delete.1.tlog
d:\graphicsengine_dx11\game_engine\game_engine\x64\debug\game_engine.tlog\link.28136.delete.1.tlog
d:\graphicsengine_dx11\game_engine\game_engine\x64\debug\game_engine.tlog\link.29324.delete.1.tlog
d:\graphicsengine_dx11\game_engine\game_engine\x64\debug\game_engine.tlog\link.30900.delete.1.tlog
d:\graphicsengine_dx11\game_engine\game_engine\x64\debug\game_engine.tlog\link.8452.delete.1.tlog
d:\graphicsengine_dx11\game_engine\game_engine\x64\debug\game_engine.tlog\link.command.1.tlog
d:\graphicsengine_dx11\game_engine\game_engine\x64\debug\game_engine.tlog\link.delete.1.tlog
d:\graphicsengine_dx11\game_engine\game_engine\x64\debug\game_engine.tlog\link.read.1.tlog
d:\graphicsengine_dx11\game_engine\game_engine\x64\debug\game_engine.tlog\link.write.1.tlog
